<?xml version="1.0" encoding="UTF-8"?>
<!-- Generated by org.testng.reporters.JUnitReportReporter -->
<testsuite hostname="DESKTOP-E8OUT58" failures="0" tests="1" name="com.Amazon.testcase.OpenAmazonTest" time="10.469" errors="0" timestamp="2025-01-10T10:50:04 IST" skipped="0">
  <testcase classname="com.Amazon.testcase.OpenAmazonTest" name="openAmazon" time="10.469"/>
</testsuite> <!-- com.Amazon.testcase.OpenAmazonTest -->
